#
# There is insufficient memory for the Java Runtime Environment to continue.
# Native memory allocation (malloc) failed to allocate 1048576 bytes for AllocateHeap
# Possible reasons:
#   The system is out of physical RAM or swap space
#   The process is running with CompressedOops enabled, and the Java Heap may be blocking the growth of the native heap
# Possible solutions:
#   Reduce memory load on the system
#   Increase physical memory or swap space
#   Check if swap backing store is full
#   Decrease Java heap size (-Xmx/-Xms)
#   Decrease number of Java threads
#   Decrease Java thread stack sizes (-Xss)
#   Set larger code cache with -XX:ReservedCodeCacheSize=
#   JVM is running with Unscaled Compressed Oops mode in which the Java heap is
#     placed in the first 4GB address space. The Java Heap base address is the
#     maximum limit for the native heap growth. Please use -XX:HeapBaseMinAddress
#     to set the Java Heap base and to place the Java Heap above 4GB virtual address.
# This output file may be truncated or incomplete.
#
#  Out of Memory Error (memory/allocation.inline.hpp:61), pid=1312, tid=0x0000000000000838
#
# JRE version:  (8.0_221-b11) (build )
# Java VM: Java HotSpot(TM) 64-Bit Server VM (25.221-b11 mixed mode windows-amd64 compressed oops)
# Failed to write core dump. Minidumps are not enabled by default on client versions of Windows
#

---------------  T H R E A D  ---------------

Current thread (0x000000000286e800):  JavaThread "Unknown thread" [_thread_in_vm, id=2104, stack(0x0000000002760000,0x0000000002860000)]

Stack: [0x0000000002760000,0x0000000002860000]
[error occurred during error reporting (printing stack bounds), id 0xc0000005]

Native frames: (J=compiled Java code, j=interpreted, Vv=VM code, C=native code)


---------------  P R O C E S S  ---------------

Java Threads: ( => current thread )

Other Threads:

=>0x000000000286e800 (exited) JavaThread "Unknown thread" [_thread_in_vm, id=2104, stack(0x0000000002760000,0x0000000002860000)]

VM state:not at safepoint (normal execution)

VM Mutex/Monitor currently owned by a thread: None

heap address: 0x00000000c1e00000, size: 994 MB, Compressed Oops mode: 32-bit
Narrow klass base: 0x0000000000000000, Narrow klass shift: 3
Compressed class space size: 1073741824 Address: 0x0000000100000000

Heap:
 PSYoungGen      total 18944K, used 327K [0x00000000eb500000, 0x00000000eca00000, 0x0000000100000000)
  eden space 16384K, 2% used [0x00000000eb500000,0x00000000eb551ec8,0x00000000ec500000)
  from space 2560K, 0% used [0x00000000ec780000,0x00000000ec780000,0x00000000eca00000)
  to   space 2560K, 0% used [0x00000000ec500000,0x00000000ec500000,0x00000000ec780000)
 ParOldGen       total 44032K, used 0K [0x00000000c1e00000, 0x00000000c4900000, 0x00000000eb500000)
  object space 44032K, 0% used [0x00000000c1e00000,0x00000000c1e00000,0x00000000c4900000)
 Metaspace       used 776K, capacity 4480K, committed 4480K, reserved 1056768K
  class space    used 76K, capacity 384K, committed 384K, reserved 1048576K

Card table byte_map: [0x0000000011d30000,0x0000000011f30000] byte_map_base: 0x0000000011721000

Marking Bits: (ParMarkBitMap*) 0x00000000508b5ce0
 Begin Bits: [0x0000000012480000, 0x0000000013408000)
 End Bits:   [0x0000000013408000, 0x0000000014390000)

Polling page: 0x0000000000d30000

CodeCache: size=245760Kb used=328Kb max_used=328Kb free=245431Kb
 bounds [0x0000000002970000, 0x0000000002be0000, 0x0000000011970000]
 total_blobs=58 nmethods=0 adapters=38
 compilation: enabled

Compilation events (0 events):
No events

GC Heap History (0 events):
No events

Deoptimization events (0 events):
No events

Classes redefined (0 events):
No events

Internal exceptions (0 events):
No events

Events (10 events):
Event: 0.032 loading class java/lang/Short
Event: 0.032 loading class java/lang/Short done
Event: 0.032 loading class java/lang/Integer
Event: 0.032 loading class java/lang/Integer done
Event: 0.032 loading class java/lang/Long
Event: 0.032 loading class java/lang/Long done
Event: 0.033 loading class java/lang/NullPointerException
Event: 0.033 loading class java/lang/NullPointerException done
Event: 0.033 loading class java/lang/ArithmeticException
Event: 0.033 loading class java/lang/ArithmeticException done


Dynamic libraries:
0x00007ff696af0000 - 0x00007ff696b27000 	C:\Program Files\Java\jdk1.8.0_221\bin\java.exe
0x00007ff892cc0000 - 0x00007ff892eb0000 	C:\Windows\SYSTEM32\ntdll.dll
0x00007ff882720000 - 0x00007ff882732000 	C:\Program Files\AVAST Software\Avast\aswhook.dll
0x00007ff8926e0000 - 0x00007ff892792000 	C:\Windows\System32\KERNEL32.DLL
0x00007ff890720000 - 0x00007ff8909c3000 	C:\Windows\System32\KERNELBASE.dll
0x00007ff891130000 - 0x00007ff8911d3000 	C:\Windows\System32\ADVAPI32.dll
0x00007ff892ac0000 - 0x00007ff892b5e000 	C:\Windows\System32\msvcrt.dll
0x00007ff8911e0000 - 0x00007ff891277000 	C:\Windows\System32\sechost.dll
0x00007ff892b60000 - 0x00007ff892c80000 	C:\Windows\System32\RPCRT4.dll
0x00007ff891f50000 - 0x00007ff8920e3000 	C:\Windows\System32\USER32.dll
0x00007ff890520000 - 0x00007ff890541000 	C:\Windows\System32\win32u.dll
0x00007ff892160000 - 0x00007ff892186000 	C:\Windows\System32\GDI32.dll
0x00007ff8909d0000 - 0x00007ff890b64000 	C:\Windows\System32\gdi32full.dll
0x00007ff890600000 - 0x00007ff89069e000 	C:\Windows\System32\msvcp_win.dll
0x00007ff88fc50000 - 0x00007ff88fd4a000 	C:\Windows\System32\ucrtbase.dll
0x00007ff880400000 - 0x00007ff880685000 	C:\Windows\WinSxS\amd64_microsoft.windows.common-controls_6595b64144ccf1df_6.0.18362.356_none_e6c4af7d130f27cc\COMCTL32.dll
0x00007ff891490000 - 0x00007ff8917c6000 	C:\Windows\System32\combase.dll
0x00007ff8906a0000 - 0x00007ff890720000 	C:\Windows\System32\bcryptPrimitives.dll
0x00007ff8917d0000 - 0x00007ff8917fe000 	C:\Windows\System32\IMM32.DLL
0x0000000050940000 - 0x0000000050a12000 	C:\Program Files\Java\jdk1.8.0_221\jre\bin\msvcr100.dll
0x0000000050090000 - 0x0000000050935000 	C:\Program Files\Java\jdk1.8.0_221\jre\bin\server\jvm.dll
0x00007ff891460000 - 0x00007ff891468000 	C:\Windows\System32\PSAPI.DLL
0x00007ff87dc60000 - 0x00007ff87dc69000 	C:\Windows\SYSTEM32\WSOCK32.dll
0x00007ff8913f0000 - 0x00007ff89145f000 	C:\Windows\System32\WS2_32.dll
0x00007ff88db00000 - 0x00007ff88db24000 	C:\Windows\SYSTEM32\WINMM.dll
0x00007ff888890000 - 0x00007ff88889a000 	C:\Windows\SYSTEM32\VERSION.dll
0x00007ff88dad0000 - 0x00007ff88dafd000 	C:\Windows\SYSTEM32\WINMMBASE.dll
0x00007ff88fd50000 - 0x00007ff88fd9a000 	C:\Windows\System32\cfgmgr32.dll
0x00007ff87ecd0000 - 0x00007ff87ecdf000 	C:\Program Files\Java\jdk1.8.0_221\jre\bin\verify.dll
0x00007ff86d6a0000 - 0x00007ff86d6c9000 	C:\Program Files\Java\jdk1.8.0_221\jre\bin\java.dll
0x00007ff86d740000 - 0x00007ff86d756000 	C:\Program Files\Java\jdk1.8.0_221\jre\bin\zip.dll

VM Arguments:
jvm_args: -Dclassworlds.conf=C:\Users\Julia\apache-maven-3.6.2\bin\..\bin\m2.conf -Dmaven.home=C:\Users\Julia\apache-maven-3.6.2\bin\.. -Dlibrary.jansi.path=C:\Users\Julia\apache-maven-3.6.2\bin\..\lib\jansi-native -Dmaven.multiModuleProjectDirectory=D:\NBprojects\nc-autumn-2019 
java_command: org.codehaus.plexus.classworlds.launcher.Launcher spring-boot:run
java_class_path (initial): C:\Users\Julia\apache-maven-3.6.2\bin\..\boot\plexus-classworlds-2.6.0.jar
Launcher Type: SUN_STANDARD

Environment Variables:
JAVA_HOME=C:\Program Files\Java\jdk1.8.0_221
PATH=C:\Program Files (x86)\Common Files\Oracle\Java\javapath;C:\Windows\system32;C:\Windows;C:\Windows\System32\Wbem;C:\Windows\System32\WindowsPowerShell\v1.0\;C:\Windows\System32\OpenSSH\;C:\Program Files\nodejs\;C:\Program Files\Git\cmd;C:\Program Files\dotnet\;C:\Users\Julia\apache-maven-3.6.2\bin;C:\Users\Julia\AppData\Local\Microsoft\WindowsApps;C:\Users\Julia\AppData\Roaming\npm
USERNAME=Julia
OS=Windows_NT
PROCESSOR_IDENTIFIER=Intel64 Family 6 Model 78 Stepping 3, GenuineIntel



---------------  S Y S T E M  ---------------

OS: Windows 10.0 , 64 bit Build 18362 (10.0.18362.329)

CPU:total 4 (initial active 4) (2 cores per cpu, 2 threads per core) family 6 model 78 stepping 3, cmov, cx8, fxsr, mmx, sse, sse2, sse3, ssse3, sse4.1, sse4.2, popcnt, avx, avx2, aes, clmul, erms, 3dnowpref, lzcnt, ht, tsc, tscinvbit, bmi1, bmi2, adx

Memory: 4k page, physical 4065972k(361296k free), swap 6163124k(6128k free)

vm_info: Java HotSpot(TM) 64-Bit Server VM (25.221-b11) for windows-amd64 JRE (1.8.0_221-b11), built on Jul  4 2019 04:39:29 by "java_re" with MS VC++ 10.0 (VS2010)

time: Tue Oct 01 20:29:45 2019
timezone: Финляндия (лето)
elapsed time: 0 seconds (0d 0h 0m 0s)

