#
# There is insufficient memory for the Java Runtime Environment to continue.
# Native memory allocation (malloc) failed to allocate 2123216 bytes for Chunk::new
# Possible reasons:
#   The system is out of physical RAM or swap space
#   The process is running with CompressedOops enabled, and the Java Heap may be blocking the growth of the native heap
# Possible solutions:
#   Reduce memory load on the system
#   Increase physical memory or swap space
#   Check if swap backing store is full
#   Decrease Java heap size (-Xmx/-Xms)
#   Decrease number of Java threads
#   Decrease Java thread stack sizes (-Xss)
#   Set larger code cache with -XX:ReservedCodeCacheSize=
#   JVM is running with Unscaled Compressed Oops mode in which the Java heap is
#     placed in the first 4GB address space. The Java Heap base address is the
#     maximum limit for the native heap growth. Please use -XX:HeapBaseMinAddress
#     to set the Java Heap base and to place the Java Heap above 4GB virtual address.
# This output file may be truncated or incomplete.
#
#  Out of Memory Error (c:/BuildAgent/work/5ff2f6c26000d570/src/hotspot/share/memory/arena.cpp:197), pid=3952, tid=2036
#
# JRE version: OpenJDK Runtime Environment (11.0.4+10) (build 11.0.4+10-b304.69)
# Java VM: OpenJDK 64-Bit Server VM (11.0.4+10-b304.69, mixed mode, sharing, tiered, compressed oops, g1 gc, windows-amd64)
# No core dump will be written. Minidumps are not enabled by default on client versions of Windows
#

---------------  S U M M A R Y ------------

Command Line: -ea -Didea.test.cyclic.buffer.size=1048576 -javaagent:D:\JetBrains\IntelliJ IDEA 2019.2.3\lib\idea_rt.jar=54636:D:\JetBrains\IntelliJ IDEA 2019.2.3\bin -Dfile.encoding=UTF-8 com.intellij.rt.execution.junit.JUnitStarter -ideVersion5 -junit4 com.meetup.DBtest

Host: Intel(R) Core(TM) i3-6006U CPU @ 2.00GHz, 4 cores, 3G,  Windows 10 , 64 bit Build 18362 (10.0.18362.329)
Time: Tue Oct  1 23:04:31 2019 Oeieyiaey (eaoi) elapsed time: 5 seconds (0d 0h 0m 5s)

---------------  T H R E A D  ---------------

Current thread (0x00000174152ab000):  JavaThread "C2 CompilerThread0" daemon [_thread_in_native, id=2036, stack(0x00000009c3400000,0x00000009c3500000)]


Current CompileTask:
C2:   5938 2210   !   4       jdk.internal.loader.BuiltinClassLoader::loadClassOrNull (143 bytes)

Stack: [0x00000009c3400000,0x00000009c3500000]
Native frames: (J=compiled Java code, j=interpreted, Vv=VM code, C=native code)
V  [jvm.dll+0x5db31a]
V  [jvm.dll+0x70c395]
V  [jvm.dll+0x70d8b8]
V  [jvm.dll+0x70df83]
V  [jvm.dll+0x23dbb8]
V  [jvm.dll+0xb91fc]
V  [jvm.dll+0xb96fc]
V  [jvm.dll+0x34f40d]
V  [jvm.dll+0x31d333]
V  [jvm.dll+0x31c8ca]
V  [jvm.dll+0x1f7832]
V  [jvm.dll+0x1f6a04]
V  [jvm.dll+0x17fd7c]
V  [jvm.dll+0x204d17]
V  [jvm.dll+0x2035b2]
V  [jvm.dll+0x6d956f]
V  [jvm.dll+0x6d236d]
V  [jvm.dll+0x5da5e6]
C  [ucrtbase.dll+0x1d9f2]
C  [KERNEL32.DLL+0x17bd4]
C  [ntdll.dll+0x6cee1]


---------------  P R O C E S S  ---------------

Threads class SMR info:
_java_thread_list=0x00000174176eab80, length=12, elements={
0x000001747c735000, 0x0000017415287800, 0x0000017415288800, 0x00000174152a7000,
0x00000174152a8000, 0x00000174152ab000, 0x00000174152ac000, 0x0000017415c40800,
0x000001741526b000, 0x0000017415da3800, 0x0000017415e7d800, 0x00000174174c4800
}

Java Threads: ( => current thread )
  0x000001747c735000 JavaThread "main" [_thread_in_Java, id=7524, stack(0x00000009c2900000,0x00000009c2a00000)]
  0x0000017415287800 JavaThread "Reference Handler" daemon [_thread_blocked, id=4036, stack(0x00000009c3000000,0x00000009c3100000)]
  0x0000017415288800 JavaThread "Finalizer" daemon [_thread_blocked, id=7992, stack(0x00000009c3100000,0x00000009c3200000)]
  0x00000174152a7000 JavaThread "Signal Dispatcher" daemon [_thread_blocked, id=8096, stack(0x00000009c3200000,0x00000009c3300000)]
  0x00000174152a8000 JavaThread "Attach Listener" daemon [_thread_blocked, id=8392, stack(0x00000009c3300000,0x00000009c3400000)]
=>0x00000174152ab000 JavaThread "C2 CompilerThread0" daemon [_thread_in_native, id=2036, stack(0x00000009c3400000,0x00000009c3500000)]
  0x00000174152ac000 JavaThread "C1 CompilerThread0" daemon [_thread_blocked, id=5656, stack(0x00000009c3500000,0x00000009c3600000)]
  0x0000017415c40800 JavaThread "Sweeper thread" daemon [_thread_blocked, id=3756, stack(0x00000009c3600000,0x00000009c3700000)]
  0x000001741526b000 JavaThread "Common-Cleaner" daemon [_thread_blocked, id=8536, stack(0x00000009c3700000,0x00000009c3800000)]
  0x0000017415da3800 JavaThread "Monitor Ctrl-Break" daemon [_thread_in_native, id=3612, stack(0x00000009c3800000,0x00000009c3900000)]
  0x0000017415e7d800 JavaThread "Service Thread" daemon [_thread_blocked, id=6768, stack(0x00000009c3900000,0x00000009c3a00000)]
  0x00000174174c4800 JavaThread "C2 CompilerThread1" daemon [_thread_in_native, id=6356, stack(0x00000009c3f00000,0x00000009c4000000)]

Other Threads:
  0x0000017415282000 VMThread "VM Thread" [stack: 0x00000009c2f00000,0x00000009c3000000] [id=236]
  0x0000017415e7e800 WatcherThread [stack: 0x00000009c3a00000,0x00000009c3b00000] [id=3916]
  0x000001747c74c000 GCTaskThread "GC Thread#0" [stack: 0x00000009c2a00000,0x00000009c2b00000] [id=1540]
  0x0000017415fd0000 GCTaskThread "GC Thread#1" [stack: 0x00000009c3c00000,0x00000009c3d00000] [id=7616]
  0x0000017416f97800 GCTaskThread "GC Thread#2" [stack: 0x00000009c3d00000,0x00000009c3e00000] [id=6944]
  0x00000174167d2000 GCTaskThread "GC Thread#3" [stack: 0x00000009c3e00000,0x00000009c3f00000] [id=7144]
  0x000001747c765000 ConcurrentGCThread "G1 Main Marker" [stack: 0x00000009c2b00000,0x00000009c2c00000] [id=3712]
  0x000001747c767000 ConcurrentGCThread "G1 Conc#0" [stack: 0x00000009c2c00000,0x00000009c2d00000] [id=3744]
  0x0000017415120800 ConcurrentGCThread "G1 Refine#0" [stack: 0x00000009c2d00000,0x00000009c2e00000] [id=6016]
  0x0000017415121800 ConcurrentGCThread "G1 Young RemSet Sampling" [stack: 0x00000009c2e00000,0x00000009c2f00000] [id=7800]

Threads with active compile tasks:
C2 CompilerThread02210   !   4       jdk.internal.loader.BuiltinClassLoader::loadClassOrNull (143 bytes)
C1 CompilerThread02483       3       org.springframework.asm.ByteVector::putUTF8 (142 bytes)
C2 CompilerThread12459       4       java.lang.invoke.MethodType$ConcurrentWeakInternSet::get (54 bytes)

VM state:not at safepoint (normal execution)

VM Mutex/Monitor currently owned by a thread: None

Heap address: 0x00000000c1e00000, size: 994 MB, Compressed Oops mode: 32-bit
Narrow klass base: 0x0000000800000000, Narrow klass shift: 3
Compressed class space size: 1073741824 Address: 0x0000000840000000

Heap:
 garbage-first heap   total 65536K, used 33843K [0x00000000c1e00000, 0x0000000100000000)
  region size 1024K, 29 young (29696K), 5 survivors (5120K)
 Metaspace       used 23223K, capacity 23843K, committed 23984K, reserved 1071104K
  class space    used 2979K, capacity 3234K, committed 3328K, reserved 1048576K
Heap Regions: E=young(eden), S=young(survivor), O=old, HS=humongous(starts), HC=humongous(continues), CS=collection set, F=free, A=archive, TAMS=top-at-mark-start (previous, next)
|   0|0x00000000c1e00000, 0x00000000c1f00000, 0x00000000c1f00000|100%| O|  |TAMS 0x00000000c1f00000, 0x00000000c1e00000| Untracked 
|   1|0x00000000c1f00000, 0x00000000c2000000, 0x00000000c2000000|100%| O|  |TAMS 0x00000000c2000000, 0x00000000c1f00000| Untracked 
|   2|0x00000000c2000000, 0x00000000c2100000, 0x00000000c2100000|100%| O|  |TAMS 0x00000000c2100000, 0x00000000c2000000| Untracked 
|   3|0x00000000c2100000, 0x00000000c2200000, 0x00000000c2200000|100%| O|  |TAMS 0x00000000c2200000, 0x00000000c2100000| Untracked 
|   4|0x00000000c2200000, 0x00000000c2300000, 0x00000000c2300000|100%| O|  |TAMS 0x00000000c2300000, 0x00000000c2200000| Untracked 
|   5|0x00000000c2300000, 0x00000000c2400000, 0x00000000c2400000|100%| O|  |TAMS 0x00000000c2400000, 0x00000000c2300000| Untracked 
|   6|0x00000000c2400000, 0x00000000c24a2600, 0x00000000c2500000| 63%| O|  |TAMS 0x00000000c24a2600, 0x00000000c2400000| Untracked 
|   7|0x00000000c2500000, 0x00000000c2500000, 0x00000000c2600000|  0%| F|  |TAMS 0x00000000c2500000, 0x00000000c2500000| Untracked 
|   8|0x00000000c2600000, 0x00000000c2600000, 0x00000000c2700000|  0%| F|  |TAMS 0x00000000c2600000, 0x00000000c2600000| Untracked 
|   9|0x00000000c2700000, 0x00000000c2700000, 0x00000000c2800000|  0%| F|  |TAMS 0x00000000c2700000, 0x00000000c2700000| Untracked 
|  10|0x00000000c2800000, 0x00000000c2800000, 0x00000000c2900000|  0%| F|  |TAMS 0x00000000c2800000, 0x00000000c2800000| Untracked 
|  11|0x00000000c2900000, 0x00000000c2900000, 0x00000000c2a00000|  0%| F|  |TAMS 0x00000000c2900000, 0x00000000c2900000| Untracked 
|  12|0x00000000c2a00000, 0x00000000c2a00000, 0x00000000c2b00000|  0%| F|  |TAMS 0x00000000c2a00000, 0x00000000c2a00000| Untracked 
|  13|0x00000000c2b00000, 0x00000000c2b00000, 0x00000000c2c00000|  0%| F|  |TAMS 0x00000000c2b00000, 0x00000000c2b00000| Untracked 
|  14|0x00000000c2c00000, 0x00000000c2c00000, 0x00000000c2d00000|  0%| F|  |TAMS 0x00000000c2c00000, 0x00000000c2c00000| Untracked 
|  15|0x00000000c2d00000, 0x00000000c2d00000, 0x00000000c2e00000|  0%| F|  |TAMS 0x00000000c2d00000, 0x00000000c2d00000| Untracked 
|  16|0x00000000c2e00000, 0x00000000c2e00000, 0x00000000c2f00000|  0%| F|  |TAMS 0x00000000c2e00000, 0x00000000c2e00000| Untracked 
|  17|0x00000000c2f00000, 0x00000000c2f00000, 0x00000000c3000000|  0%| F|  |TAMS 0x00000000c2f00000, 0x00000000c2f00000| Untracked 
|  18|0x00000000c3000000, 0x00000000c3000000, 0x00000000c3100000|  0%| F|  |TAMS 0x00000000c3000000, 0x00000000c3000000| Untracked 
|  19|0x00000000c3100000, 0x00000000c3100000, 0x00000000c3200000|  0%| F|  |TAMS 0x00000000c3100000, 0x00000000c3100000| Untracked 
|  20|0x00000000c3200000, 0x00000000c3200000, 0x00000000c3300000|  0%| F|  |TAMS 0x00000000c3200000, 0x00000000c3200000| Untracked 
|  21|0x00000000c3300000, 0x00000000c3300000, 0x00000000c3400000|  0%| F|  |TAMS 0x00000000c3300000, 0x00000000c3300000| Untracked 
|  22|0x00000000c3400000, 0x00000000c3400000, 0x00000000c3500000|  0%| F|  |TAMS 0x00000000c3400000, 0x00000000c3400000| Untracked 
|  23|0x00000000c3500000, 0x00000000c3500000, 0x00000000c3600000|  0%| F|  |TAMS 0x00000000c3500000, 0x00000000c3500000| Untracked 
|  24|0x00000000c3600000, 0x00000000c3600000, 0x00000000c3700000|  0%| F|  |TAMS 0x00000000c3600000, 0x00000000c3600000| Untracked 
|  25|0x00000000c3700000, 0x00000000c3700000, 0x00000000c3800000|  0%| F|  |TAMS 0x00000000c3700000, 0x00000000c3700000| Untracked 
|  26|0x00000000c3800000, 0x00000000c3800000, 0x00000000c3900000|  0%| F|  |TAMS 0x00000000c3800000, 0x00000000c3800000| Untracked 
|  27|0x00000000c3900000, 0x00000000c396a968, 0x00000000c3a00000| 41%| S|CS|TAMS 0x00000000c3900000, 0x00000000c3900000| Complete 
|  28|0x00000000c3a00000, 0x00000000c3a00000, 0x00000000c3b00000|  0%| F|  |TAMS 0x00000000c3a00000, 0x00000000c3a00000| Untracked 
|  29|0x00000000c3b00000, 0x00000000c3b00000, 0x00000000c3c00000|  0%| F|  |TAMS 0x00000000c3b00000, 0x00000000c3b00000| Untracked 
|  30|0x00000000c3c00000, 0x00000000c3c00000, 0x00000000c3d00000|  0%| F|  |TAMS 0x00000000c3c00000, 0x00000000c3c00000| Untracked 
|  31|0x00000000c3d00000, 0x00000000c3d00000, 0x00000000c3e00000|  0%| F|  |TAMS 0x00000000c3d00000, 0x00000000c3d00000| Untracked 
|  32|0x00000000c3e00000, 0x00000000c3f00000, 0x00000000c3f00000|100%| S|CS|TAMS 0x00000000c3e00000, 0x00000000c3e00000| Complete 
|  33|0x00000000c3f00000, 0x00000000c4000000, 0x00000000c4000000|100%| S|CS|TAMS 0x00000000c3f00000, 0x00000000c3f00000| Complete 
|  34|0x00000000c4000000, 0x00000000c4100000, 0x00000000c4100000|100%| S|CS|TAMS 0x00000000c4000000, 0x00000000c4000000| Complete 
|  35|0x00000000c4100000, 0x00000000c4200000, 0x00000000c4200000|100%| S|CS|TAMS 0x00000000c4100000, 0x00000000c4100000| Complete 
|  36|0x00000000c4200000, 0x00000000c4200000, 0x00000000c4300000|  0%| F|  |TAMS 0x00000000c4200000, 0x00000000c4200000| Untracked 
|  37|0x00000000c4300000, 0x00000000c4300000, 0x00000000c4400000|  0%| F|  |TAMS 0x00000000c4300000, 0x00000000c4300000| Untracked 
|  38|0x00000000c4400000, 0x00000000c4400000, 0x00000000c4500000|  0%| F|  |TAMS 0x00000000c4400000, 0x00000000c4400000| Untracked 
|  39|0x00000000c4500000, 0x00000000c4500000, 0x00000000c4600000|  0%| F|  |TAMS 0x00000000c4500000, 0x00000000c4500000| Untracked 
|  40|0x00000000c4600000, 0x00000000c46b4b68, 0x00000000c4700000| 70%| E|  |TAMS 0x00000000c4600000, 0x00000000c4600000| Complete 
|  41|0x00000000c4700000, 0x00000000c4800000, 0x00000000c4800000|100%| E|CS|TAMS 0x00000000c4700000, 0x00000000c4700000| Complete 
|  42|0x00000000c4800000, 0x00000000c4900000, 0x00000000c4900000|100%| E|CS|TAMS 0x00000000c4800000, 0x00000000c4800000| Complete 
|  43|0x00000000c4900000, 0x00000000c4a00000, 0x00000000c4a00000|100%| E|CS|TAMS 0x00000000c4900000, 0x00000000c4900000| Complete 
|  44|0x00000000c4a00000, 0x00000000c4b00000, 0x00000000c4b00000|100%| E|CS|TAMS 0x00000000c4a00000, 0x00000000c4a00000| Complete 
|  45|0x00000000c4b00000, 0x00000000c4c00000, 0x00000000c4c00000|100%| E|  |TAMS 0x00000000c4b00000, 0x00000000c4b00000| Complete 
|  46|0x00000000c4c00000, 0x00000000c4d00000, 0x00000000c4d00000|100%| E|CS|TAMS 0x00000000c4c00000, 0x00000000c4c00000| Complete 
|  47|0x00000000c4d00000, 0x00000000c4e00000, 0x00000000c4e00000|100%| E|CS|TAMS 0x00000000c4d00000, 0x00000000c4d00000| Complete 
|  48|0x00000000c4e00000, 0x00000000c4f00000, 0x00000000c4f00000|100%| E|CS|TAMS 0x00000000c4e00000, 0x00000000c4e00000| Complete 
|  49|0x00000000c4f00000, 0x00000000c5000000, 0x00000000c5000000|100%| E|CS|TAMS 0x00000000c4f00000, 0x00000000c4f00000| Complete 
|  50|0x00000000c5000000, 0x00000000c5100000, 0x00000000c5100000|100%| E|CS|TAMS 0x00000000c5000000, 0x00000000c5000000| Complete 
|  51|0x00000000c5100000, 0x00000000c5200000, 0x00000000c5200000|100%| E|CS|TAMS 0x00000000c5100000, 0x00000000c5100000| Complete 
|  52|0x00000000c5200000, 0x00000000c5300000, 0x00000000c5300000|100%| E|CS|TAMS 0x00000000c5200000, 0x00000000c5200000| Complete 
|  53|0x00000000c5300000, 0x00000000c5400000, 0x00000000c5400000|100%| E|CS|TAMS 0x00000000c5300000, 0x00000000c5300000| Complete 
|  54|0x00000000c5400000, 0x00000000c5500000, 0x00000000c5500000|100%| E|CS|TAMS 0x00000000c5400000, 0x00000000c5400000| Complete 
|  55|0x00000000c5500000, 0x00000000c5600000, 0x00000000c5600000|100%| E|CS|TAMS 0x00000000c5500000, 0x00000000c5500000| Complete 
|  56|0x00000000c5600000, 0x00000000c5700000, 0x00000000c5700000|100%| E|CS|TAMS 0x00000000c5600000, 0x00000000c5600000| Complete 
|  57|0x00000000c5700000, 0x00000000c5800000, 0x00000000c5800000|100%| E|CS|TAMS 0x00000000c5700000, 0x00000000c5700000| Complete 
|  58|0x00000000c5800000, 0x00000000c5900000, 0x00000000c5900000|100%| E|CS|TAMS 0x00000000c5800000, 0x00000000c5800000| Complete 
|  59|0x00000000c5900000, 0x00000000c5a00000, 0x00000000c5a00000|100%| E|CS|TAMS 0x00000000c5900000, 0x00000000c5900000| Complete 
|  60|0x00000000c5a00000, 0x00000000c5b00000, 0x00000000c5b00000|100%| E|CS|TAMS 0x00000000c5a00000, 0x00000000c5a00000| Complete 
|  61|0x00000000c5b00000, 0x00000000c5c00000, 0x00000000c5c00000|100%| E|CS|TAMS 0x00000000c5b00000, 0x00000000c5b00000| Complete 
|  62|0x00000000c5c00000, 0x00000000c5d00000, 0x00000000c5d00000|100%| E|CS|TAMS 0x00000000c5c00000, 0x00000000c5c00000| Complete 
|  63|0x00000000c5d00000, 0x00000000c5e00000, 0x00000000c5e00000|100%| E|CS|TAMS 0x00000000c5d00000, 0x00000000c5d00000| Complete 

Card table byte_map: [0x000001747dbb0000,0x000001747ddb0000] _byte_map_base: 0x000001747d5a1000

Marking Bits (Prev, Next): (CMBitMap*) 0x000001747c7602a0, (CMBitMap*) 0x000001747c760268
 Prev Bits: [0x000001747ef40000, 0x000001747fec8000)
 Next Bits: [0x000001747dfb0000, 0x000001747ef38000)

Polling page: 0x000001747ad30000

Metaspace:

Usage:
  Non-class:     20.19 MB capacity,    19.78 MB ( 98%) used,   351.13 KB (  2%) free+waste,    63.94 KB ( <1%) overhead. 
      Class:      3.16 MB capacity,     2.91 MB ( 92%) used,   220.89 KB (  7%) free+waste,    32.13 KB ( <1%) overhead. 
       Both:     23.35 MB capacity,    22.69 MB ( 97%) used,   572.02 KB (  2%) free+waste,    96.06 KB ( <1%) overhead. 

Virtual space:
  Non-class space:       22.00 MB reserved,      20.42 MB ( 93%) committed 
      Class space:        1.00 GB reserved,       3.25 MB ( <1%) committed 
             Both:        1.02 GB reserved,      23.67 MB (  2%) committed 

Chunk freelists:
   Non-Class:  47.00 KB
       Class:  30.00 KB
        Both:  77.00 KB

CodeHeap 'non-profiled nmethods': size=120064Kb used=1045Kb max_used=1045Kb free=119018Kb
 bounds [0x000001740b8a0000, 0x000001740bb10000, 0x0000017412de0000]
CodeHeap 'profiled nmethods': size=120000Kb used=5361Kb max_used=5361Kb free=114638Kb
 bounds [0x0000017404370000, 0x00000174048b0000, 0x000001740b8a0000]
CodeHeap 'non-nmethods': size=5696Kb used=1168Kb max_used=1191Kb free=4527Kb
 bounds [0x0000017403de0000, 0x0000017404050000, 0x0000017404370000]
 total_blobs=3536 nmethods=2314 adapters=412
 compilation: enabled
              stopped_count=0, restarted_count=0
 full_count=0

Compilation events (10 events):
Event: 5.897 Thread 0x00000174152ac000 nmethod 2450 0x0000017404891910 code [0x0000017404891b60, 0x0000017404892768]
Event: 5.897 Thread 0x00000174152ac000 2451       3       java.nio.charset.Charset::<init> (76 bytes)
Event: 5.898 Thread 0x00000174152ac000 nmethod 2451 0x0000017404892c10 code [0x0000017404892e20, 0x0000017404893518]
Event: 5.905 Thread 0x00000174174c4800 nmethod 2443 0x000001740b9a3890 code [0x000001740b9a3a40, 0x000001740b9a3d48]
Event: 5.905 Thread 0x00000174174c4800 2448 %     4       java.util.Arrays::fill @ 5 (21 bytes)
Event: 5.915 Thread 0x00000174174c4800 nmethod 2448% 0x000001740b9a3f10 code [0x000001740b9a40a0, 0x000001740b9a42d8]
Event: 5.915 Thread 0x00000174174c4800 2442       4       java.nio.Buffer::<init> (99 bytes)
Event: 5.916 Thread 0x00000174174c4800 nmethod 2442 0x000001740b9a4410 code [0x000001740b9a45a0, 0x000001740b9a4698]
Event: 5.917 Thread 0x00000174174c4800 2431       4       java.util.Arrays$ArrayItr::next (36 bytes)
Event: 5.918 Thread 0x00000174174c4800 nmethod 2431 0x000001740b9a4790 code [0x000001740b9a4920, 0x000001740b9a49f8]

GC Heap History (10 events):
Event: 1.389 GC heap before
{Heap before GC invocations=0 (full 0):
 garbage-first heap   total 65536K, used 13312K [0x00000000c1e00000, 0x0000000100000000)
  region size 1024K, 14 young (14336K), 0 survivors (0K)
 Metaspace       used 2574K, capacity 5418K, committed 5760K, reserved 1056768K
  class space    used 288K, capacity 550K, committed 640K, reserved 1048576K
}
Event: 1.399 GC heap after
{Heap after GC invocations=1 (full 0):
 garbage-first heap   total 65536K, used 5816K [0x00000000c1e00000, 0x0000000100000000)
  region size 1024K, 2 young (2048K), 2 survivors (2048K)
 Metaspace       used 2574K, capacity 5418K, committed 5760K, reserved 1056768K
  class space    used 288K, capacity 550K, committed 640K, reserved 1048576K
}
Event: 1.933 GC heap before
{Heap before GC invocations=1 (full 0):
 garbage-first heap   total 65536K, used 18104K [0x00000000c1e00000, 0x0000000100000000)
  region size 1024K, 14 young (14336K), 2 survivors (2048K)
 Metaspace       used 4769K, capacity 6908K, committed 7040K, reserved 1056768K
  class space    used 546K, capacity 770K, committed 896K, reserved 1048576K
}
Event: 1.940 GC heap after
{Heap after GC invocations=2 (full 0):
 garbage-first heap   total 65536K, used 6848K [0x00000000c1e00000, 0x0000000100000000)
  region size 1024K, 2 young (2048K), 2 survivors (2048K)
 Metaspace       used 4769K, capacity 6908K, committed 7040K, reserved 1056768K
  class space    used 546K, capacity 770K, committed 896K, reserved 1048576K
}
Event: 2.930 GC heap before
{Heap before GC invocations=2 (full 0):
 garbage-first heap   total 65536K, used 28352K [0x00000000c1e00000, 0x0000000100000000)
  region size 1024K, 24 young (24576K), 2 survivors (2048K)
 Metaspace       used 8428K, capacity 9828K, committed 9984K, reserved 1058816K
  class space    used 1016K, capacity 1188K, committed 1280K, reserved 1048576K
}
Event: 2.940 GC heap after
{Heap after GC invocations=3 (full 0):
 garbage-first heap   total 65536K, used 7717K [0x00000000c1e00000, 0x0000000100000000)
  region size 1024K, 2 young (2048K), 2 survivors (2048K)
 Metaspace       used 8428K, capacity 9828K, committed 9984K, reserved 1058816K
  class space    used 1016K, capacity 1188K, committed 1280K, reserved 1048576K
}
Event: 4.396 GC heap before
{Heap before GC invocations=3 (full 0):
 garbage-first heap   total 65536K, used 38437K [0x00000000c1e00000, 0x0000000100000000)
  region size 1024K, 32 young (32768K), 2 survivors (2048K)
 Metaspace       used 14055K, capacity 14633K, committed 14720K, reserved 1062912K
  class space    used 1744K, capacity 1880K, committed 1920K, reserved 1048576K
}
Event: 4.404 GC heap after
{Heap after GC invocations=4 (full 0):
 garbage-first heap   total 65536K, used 9096K [0x00000000c1e00000, 0x0000000100000000)
  region size 1024K, 4 young (4096K), 4 survivors (4096K)
 Metaspace       used 14055K, capacity 14633K, committed 14720K, reserved 1062912K
  class space    used 1744K, capacity 1880K, committed 1920K, reserved 1048576K
}
Event: 5.502 GC heap before
{Heap before GC invocations=4 (full 0):
 garbage-first heap   total 65536K, used 36744K [0x00000000c1e00000, 0x0000000100000000)
  region size 1024K, 32 young (32768K), 4 survivors (4096K)
 Metaspace       used 20562K, capacity 21095K, committed 21296K, reserved 1067008K
  class space    used 2623K, capacity 2830K, committed 2944K, reserved 1048576K
}
Event: 5.519 GC heap after
{Heap after GC invocations=5 (full 0):
 garbage-first heap   total 65536K, used 11315K [0x00000000c1e00000, 0x0000000100000000)
  region size 1024K, 5 young (5120K), 5 survivors (5120K)
 Metaspace       used 20562K, capacity 21095K, committed 21296K, reserved 1067008K
  class space    used 2623K, capacity 2830K, committed 2944K, reserved 1048576K
}

Deoptimization events (10 events):
Event: 5.862 Thread 0x0000017416f7e000 DEOPT PACKING pc=0x0000017404849bea sp=0x00000009c3bfd010
Event: 5.862 Thread 0x0000017416f7e000 DEOPT UNPACKING pc=0x0000017403e078c6 sp=0x00000009c3bfc490 mode 0
Event: 5.887 Thread 0x0000017416f7e000 DEOPT PACKING pc=0x00000174048726b3 sp=0x00000009c3bfce80
Event: 5.887 Thread 0x0000017416f7e000 DEOPT UNPACKING pc=0x0000017403e078c6 sp=0x00000009c3bfc358 mode 0
Event: 5.889 Thread 0x0000017416f7e000 DEOPT PACKING pc=0x00000174048726b3 sp=0x00000009c3bfce80
Event: 5.889 Thread 0x0000017416f7e000 DEOPT UNPACKING pc=0x0000017403e078c6 sp=0x00000009c3bfc358 mode 0
Event: 5.890 Thread 0x0000017416f7e000 DEOPT PACKING pc=0x00000174048726b3 sp=0x00000009c3bfcda0
Event: 5.890 Thread 0x0000017416f7e000 DEOPT UNPACKING pc=0x0000017403e078c6 sp=0x00000009c3bfc278 mode 0
Event: 5.891 Thread 0x0000017416f7e000 DEOPT PACKING pc=0x00000174048726b3 sp=0x00000009c3bfcda0
Event: 5.891 Thread 0x0000017416f7e000 DEOPT UNPACKING pc=0x0000017403e078c6 sp=0x00000009c3bfc278 mode 0

Classes redefined (0 events):
No events

Internal exceptions (10 events):
Event: 5.376 Thread 0x0000017416f7e000 Exception <a 'java/lang/NoSuchMethodError'{0x00000000c45351b0}: 'void java.lang.invoke.DirectMethodHandle$Holder.invokeStatic(java.lang.Object, java.lang.Object, java.lang.Object, java.lang.Object, java.lang.Object)'> (0x00000000c45351b0) thrown at [c:/Bu
Event: 5.402 Thread 0x000001747c735000 Exception <a 'java/lang/NoSuchMethodError'{0x00000000c441df48}: 'void java.lang.invoke.DirectMethodHandle$Holder.invokeInterface(java.lang.Object, java.lang.Object, java.lang.Object, java.lang.Object)'> (0x00000000c441df48) thrown at [c:/BuildAgent/work/5
Event: 5.474 Thread 0x000001747c735000 Implicit null exception at 0x000001740b8fc325 to 0x000001740b8fc742
Event: 5.608 Thread 0x000001747c735000 Exception <a 'java/lang/ClassNotFoundException'{0x00000000c5ac0590}: java/lang/ObjectCustomizer> (0x00000000c5ac0590) thrown at [c:/BuildAgent/work/5ff2f6c26000d570/src/hotspot/share/classfile/systemDictionary.cpp, line 231]
Event: 5.618 Thread 0x000001747c735000 Exception <a 'java/lang/ClassNotFoundException'{0x00000000c5ad88d0}: org/springframework/context/annotation/ConfigurationClassPostProcessorCustomizer> (0x00000000c5ad88d0) thrown at [c:/BuildAgent/work/5ff2f6c26000d570/src/hotspot/share/classfile/systemDi
Event: 5.622 Thread 0x000001747c735000 Exception <a 'java/lang/ClassNotFoundException'{0x00000000c5afbb98}: org/springframework/beans/factory/support/BeanDefinitionRegistryPostProcessorCustomizer> (0x00000000c5afbb98) thrown at [c:/BuildAgent/work/5ff2f6c26000d570/src/hotspot/share/classfile/s
Event: 5.623 Thread 0x000001747c735000 Exception <a 'java/lang/ClassNotFoundException'{0x00000000c58027a0}: org/springframework/core/PriorityOrderedCustomizer> (0x00000000c58027a0) thrown at [c:/BuildAgent/work/5ff2f6c26000d570/src/hotspot/share/classfile/systemDictionary.cpp, line 231]
Event: 5.624 Thread 0x000001747c735000 Exception <a 'java/lang/ClassNotFoundException'{0x00000000c5811f70}: org/springframework/context/ResourceLoaderAwareCustomizer> (0x00000000c5811f70) thrown at [c:/BuildAgent/work/5ff2f6c26000d570/src/hotspot/share/classfile/systemDictionary.cpp, line 231]
Event: 5.625 Thread 0x000001747c735000 Exception <a 'java/lang/ClassNotFoundException'{0x00000000c5823a20}: org/springframework/beans/factory/BeanClassLoaderAwareCustomizer> (0x00000000c5823a20) thrown at [c:/BuildAgent/work/5ff2f6c26000d570/src/hotspot/share/classfile/systemDictionary.cpp, li
Event: 5.626 Thread 0x000001747c735000 Exception <a 'java/lang/ClassNotFoundException'{0x00000000c5834388}: org/springframework/context/EnvironmentAwareCustomizer> (0x00000000c5834388) thrown at [c:/BuildAgent/work/5ff2f6c26000d570/src/hotspot/share/classfile/systemDictionary.cpp, line 231]

Events (10 events):
Event: 5.931 loading class org/springframework/cglib/core/LocalVariablesSorter
Event: 5.931 loading class org/springframework/cglib/core/LocalVariablesSorter done
Event: 5.932 loading class org/springframework/cglib/core/ClassEmitter$3
Event: 5.932 loading class org/springframework/cglib/core/ClassEmitter$3 done
Event: 5.932 loading class org/springframework/cglib/core/ClassInfo
Event: 5.932 loading class org/springframework/cglib/core/ClassInfo done
Event: 5.933 loading class org/springframework/cglib/core/ClassEmitter$1
Event: 5.933 loading class org/springframework/cglib/core/ClassEmitter$1 done
Event: 5.934 loading class org/springframework/cglib/core/ReflectUtils
Event: 5.934 loading class org/springframework/cglib/core/ReflectUtils done


Dynamic libraries:
0x00007ff676aa0000 - 0x00007ff676ae7000 	D:\JetBrains\IntelliJ IDEA 2019.2.3\jbr\bin\java.exe
0x00007ff892cc0000 - 0x00007ff892eb0000 	C:\Windows\SYSTEM32\ntdll.dll
0x00007ff882720000 - 0x00007ff882732000 	C:\Program Files\AVAST Software\Avast\aswhook.dll
0x00007ff8926e0000 - 0x00007ff892792000 	C:\Windows\System32\KERNEL32.DLL
0x00007ff890720000 - 0x00007ff8909c3000 	C:\Windows\System32\KERNELBASE.dll
0x00007ff891f50000 - 0x00007ff8920e3000 	C:\Windows\System32\USER32.dll
0x00007ff890520000 - 0x00007ff890541000 	C:\Windows\System32\win32u.dll
0x00007ff892160000 - 0x00007ff892186000 	C:\Windows\System32\GDI32.dll
0x00007ff8909d0000 - 0x00007ff890b64000 	C:\Windows\System32\gdi32full.dll
0x00007ff890600000 - 0x00007ff89069e000 	C:\Windows\System32\msvcp_win.dll
0x00007ff88fc50000 - 0x00007ff88fd4a000 	C:\Windows\System32\ucrtbase.dll
0x00007ff880400000 - 0x00007ff880685000 	C:\Windows\WinSxS\amd64_microsoft.windows.common-controls_6595b64144ccf1df_6.0.18362.356_none_e6c4af7d130f27cc\COMCTL32.dll
0x00007ff892ac0000 - 0x00007ff892b5e000 	C:\Windows\System32\msvcrt.dll
0x00007ff891490000 - 0x00007ff8917c6000 	C:\Windows\System32\combase.dll
0x00007ff892b60000 - 0x00007ff892c80000 	C:\Windows\System32\RPCRT4.dll
0x00007ff8906a0000 - 0x00007ff890720000 	C:\Windows\System32\bcryptPrimitives.dll
0x00007ff8917d0000 - 0x00007ff8917fe000 	C:\Windows\System32\IMM32.DLL
0x00007ff88dc30000 - 0x00007ff88dc47000 	D:\JetBrains\IntelliJ IDEA 2019.2.3\jbr\bin\vcruntime140.dll
0x00007ff8720e0000 - 0x00007ff87217d000 	D:\JetBrains\IntelliJ IDEA 2019.2.3\jbr\bin\msvcp140.dll
0x000001747c8d0000 - 0x000001747d388000 	D:\JetBrains\IntelliJ IDEA 2019.2.3\jbr\bin\server\jvm.dll
0x00007ff891130000 - 0x00007ff8911d3000 	C:\Windows\System32\ADVAPI32.dll
0x00007ff8911e0000 - 0x00007ff891277000 	C:\Windows\System32\sechost.dll
0x00007ff891460000 - 0x00007ff891468000 	C:\Windows\System32\PSAPI.DLL
0x00007ff87dc60000 - 0x00007ff87dc69000 	C:\Windows\SYSTEM32\WSOCK32.dll
0x00007ff8913f0000 - 0x00007ff89145f000 	C:\Windows\System32\WS2_32.dll
0x00007ff88db00000 - 0x00007ff88db24000 	C:\Windows\SYSTEM32\WINMM.dll
0x00007ff888890000 - 0x00007ff88889a000 	C:\Windows\SYSTEM32\VERSION.dll
0x00007ff88dad0000 - 0x00007ff88dafd000 	C:\Windows\SYSTEM32\WINMMBASE.dll
0x00007ff88fd50000 - 0x00007ff88fd9a000 	C:\Windows\System32\cfgmgr32.dll
0x00007ff88fbe0000 - 0x00007ff88fbf1000 	C:\Windows\System32\kernel.appcore.dll
0x00007ff88dc50000 - 0x00007ff88dc61000 	D:\JetBrains\IntelliJ IDEA 2019.2.3\jbr\bin\verify.dll
0x00007ff8844d0000 - 0x00007ff8846c4000 	C:\Windows\SYSTEM32\DBGHELP.DLL
0x00007ff884470000 - 0x00007ff88449a000 	C:\Windows\SYSTEM32\dbgcore.DLL
0x00007ff87f110000 - 0x00007ff87f139000 	D:\JetBrains\IntelliJ IDEA 2019.2.3\jbr\bin\java.dll
0x00007ff87eca0000 - 0x00007ff87ecd4000 	D:\JetBrains\IntelliJ IDEA 2019.2.3\jbr\bin\instrument.dll
0x00007ff87f090000 - 0x00007ff87f0a7000 	D:\JetBrains\IntelliJ IDEA 2019.2.3\jbr\bin\zip.dll
0x00007ff884970000 - 0x00007ff88497b000 	D:\JetBrains\IntelliJ IDEA 2019.2.3\jbr\bin\jimage.dll
0x00007ff891860000 - 0x00007ff891f45000 	C:\Windows\System32\SHELL32.dll
0x00007ff890ec0000 - 0x00007ff890f69000 	C:\Windows\System32\shcore.dll
0x00007ff88fda0000 - 0x00007ff89051e000 	C:\Windows\System32\windows.storage.dll
0x00007ff88fba0000 - 0x00007ff88fbbf000 	C:\Windows\System32\profapi.dll
0x00007ff88fc00000 - 0x00007ff88fc4a000 	C:\Windows\System32\powrprof.dll
0x00007ff88fb90000 - 0x00007ff88fba0000 	C:\Windows\System32\UMPDC.dll
0x00007ff891800000 - 0x00007ff891852000 	C:\Windows\System32\shlwapi.dll
0x00007ff890b70000 - 0x00007ff890b87000 	C:\Windows\System32\cryptsp.dll
0x00007ff87eef0000 - 0x00007ff87ef0a000 	D:\JetBrains\IntelliJ IDEA 2019.2.3\jbr\bin\net.dll
0x00007ff87f550000 - 0x00007ff87f640000 	C:\Windows\SYSTEM32\WINHTTP.dll
0x00007ff881d40000 - 0x00007ff881f16000 	C:\Windows\SYSTEM32\urlmon.dll
0x00007ff882040000 - 0x00007ff8822e6000 	C:\Windows\SYSTEM32\iertutil.dll
0x00007ff88f570000 - 0x00007ff88f57c000 	C:\Windows\SYSTEM32\CRYPTBASE.DLL
0x00007ff88f3a0000 - 0x00007ff88f407000 	C:\Windows\system32\mswsock.dll
0x00007ff87d120000 - 0x00007ff87d134000 	D:\JetBrains\IntelliJ IDEA 2019.2.3\jbr\bin\nio.dll
0x00007ff87ec80000 - 0x00007ff87ec9a000 	D:\JetBrains\IntelliJ IDEA 2019.2.3\bin\breakgen64.dll
0x00007ff88f0b0000 - 0x00007ff88f0ea000 	C:\Windows\SYSTEM32\IPHLPAPI.DLL
0x00007ff890f70000 - 0x00007ff890f78000 	C:\Windows\System32\NSI.dll
0x00007ff8841f0000 - 0x00007ff884206000 	C:\Windows\SYSTEM32\dhcpcsvc6.DLL
0x00007ff8842e0000 - 0x00007ff8842fc000 	C:\Windows\SYSTEM32\dhcpcsvc.DLL
0x00007ff88f100000 - 0x00007ff88f1ca000 	C:\Windows\SYSTEM32\DNSAPI.dll
0x00007ff87f8a0000 - 0x00007ff87f8aa000 	C:\Windows\System32\rasadhlp.dll
0x00007ff884370000 - 0x00007ff88437a000 	D:\JetBrains\IntelliJ IDEA 2019.2.3\jbr\bin\management.dll
0x00007ff882660000 - 0x00007ff88266c000 	D:\JetBrains\IntelliJ IDEA 2019.2.3\jbr\bin\management_ext.dll
0x00007ff8703b0000 - 0x00007ff8703c6000 	C:\Windows\system32\napinsp.dll
0x00007ff870390000 - 0x00007ff8703aa000 	C:\Windows\system32\pnrpnsp.dll
0x00007ff870380000 - 0x00007ff87038e000 	C:\Windows\System32\winrnr.dll
0x00007ff88c3f0000 - 0x00007ff88c40c000 	C:\Windows\system32\NLAapi.dll
0x00007ff88b830000 - 0x00007ff88b845000 	C:\Windows\system32\wshbth.dll
0x00007ff883df0000 - 0x00007ff883e67000 	C:\Windows\System32\fwpuclnt.dll
0x00007ff890ce0000 - 0x00007ff890d06000 	C:\Windows\System32\bcrypt.dll

dbghelp: loaded successfully - version: 4.0.5 - missing functions: none
symbol engine: initialized successfully - sym options: 0x614 - pdb path: .;D:\JetBrains\IntelliJ IDEA 2019.2.3\jbr\bin;C:\Windows\SYSTEM32;C:\Program Files\AVAST Software\Avast;C:\Windows\WinSxS\amd64_microsoft.windows.common-controls_6595b64144ccf1df_6.0.18362.356_none_e6c4af7d130f27cc;D:\JetBrains\IntelliJ IDEA 2019.2.3\jbr\bin\server;D:\JetBrains\IntelliJ IDEA 2019.2.3\bin

VM Arguments:
jvm_args: -ea -Didea.test.cyclic.buffer.size=1048576 -javaagent:D:\JetBrains\IntelliJ IDEA 2019.2.3\lib\idea_rt.jar=54636:D:\JetBrains\IntelliJ IDEA 2019.2.3\bin -Dfile.encoding=UTF-8 
java_command: com.intellij.rt.execution.junit.JUnitStarter -ideVersion5 -junit4 com.meetup.DBtest
java_class_path (initial): D:\JetBrains\IntelliJ IDEA 2019.2.3\lib\idea_rt.jar;D:\JetBrains\IntelliJ IDEA 2019.2.3\plugins\junit\lib\junit-rt.jar;D:\JetBrains\IntelliJ IDEA 2019.2.3\plugins\junit\lib\junit5-rt.jar;D:\NBprojects\nc-autumn-2019\target\test-classes;D:\NBprojects\nc-autumn-2019\target\classes;C:\Users\Julia\.m2\repository\org\springframework\boot\spring-boot-starter-web\2.0.0.RELEASE\spring-boot-starter-web-2.0.0.RELEASE.jar;C:\Users\Julia\.m2\repository\org\springframework\boot\spring-boot-starter\2.0.0.RELEASE\spring-boot-starter-2.0.0.RELEASE.jar;C:\Users\Julia\.m2\repository\org\springframework\boot\spring-boot\2.0.0.RELEASE\spring-boot-2.0.0.RELEASE.jar;C:\Users\Julia\.m2\repository\org\springframework\boot\spring-boot-autoconfigure\2.0.0.RELEASE\spring-boot-autoconfigure-2.0.0.RELEASE.jar;C:\Users\Julia\.m2\repository\org\springframework\boot\spring-boot-starter-logging\2.0.0.RELEASE\spring-boot-starter-logging-2.0.0.RELEASE.jar;C:\Users\Julia\.m2\repository\ch\qos\logback\logback-classic\1.2.3\logback-classic-1.2.3.jar;C:\Users\Julia\.m2\repository\ch\qos\logback\logback-core\1.2.3\logback-core-1.2.3.jar;C:\Users\Julia\.m2\repository\org\apache\logging\log4j\log4j-to-slf4j\2.10.0\log4j-to-slf4j-2.10.0.jar;C:\Users\Julia\.m2\repository\org\apache\logging\log4j\log4j-api\2.10.0\log4j-api-2.10.0.jar;C:\Users\Julia\.m2\repository\org\slf4j\jul-to-slf4j\1.7.25\jul-to-slf4j-1.7.25.jar;C:\Users\Julia\.m2\repository\javax\annotation\javax.annotation-api\1.3.2\javax.annotation-api-1.3.2.jar;C:\Users\Julia\.m2\repository\org\yaml\snakeyaml\1.19\snakeyaml-1.19.jar;C:\Users\Julia\.m2\repository\org\springframework\boot\spring-boot-starter-json\2.0.0.RELEASE\spring-boot-starter-json-2.0.0.RELEASE.jar;C:\Users\Julia\.m2\repository\com\fasterxml\jackson\core\jackson-databind\2.9.3\jackson-databind-2.9.3.jar;C:\Users\Julia\.m2\repository\com\fasterxml\jackson\datatype\jackson-datatype-jdk8\2.9.3\jackson-datatype-jdk8-2.9.3.jar;C:\Users\Julia\.m2\repository\com
Launcher Type: SUN_STANDARD

[Global flags]
     intx CICompilerCount                          = 3                                         {product} {ergonomic}
     uint ConcGCThreads                            = 1                                         {product} {ergonomic}
     uint G1ConcRefinementThreads                  = 4                                         {product} {ergonomic}
   size_t G1HeapRegionSize                         = 1048576                                   {product} {ergonomic}
    uintx GCDrainStackTargetSize                   = 64                                        {product} {ergonomic}
   size_t InitialHeapSize                          = 67108864                                  {product} {ergonomic}
   size_t MarkStackSize                            = 4194304                                   {product} {ergonomic}
   size_t MaxHeapSize                              = 1042284544                                {product} {ergonomic}
   size_t MaxNewSize                               = 624951296                                 {product} {ergonomic}
   size_t MinHeapDeltaBytes                        = 1048576                                   {product} {ergonomic}
    uintx NonNMethodCodeHeapSize                   = 5830092                                {pd product} {ergonomic}
    uintx NonProfiledCodeHeapSize                  = 122914074                              {pd product} {ergonomic}
    uintx ProfiledCodeHeapSize                     = 122914074                              {pd product} {ergonomic}
    uintx ReservedCodeCacheSize                    = 251658240                              {pd product} {ergonomic}
     bool SegmentedCodeCache                       = true                                      {product} {ergonomic}
     bool UseCompressedClassPointers               = true                                 {lp64_product} {ergonomic}
     bool UseCompressedOops                        = true                                 {lp64_product} {ergonomic}
     bool UseG1GC                                  = true                                      {product} {ergonomic}
     bool UseLargePagesIndividualAllocation        = false                                  {pd product} {ergonomic}

Logging:
Log output configuration:
 #0: stdout all=warning uptime,level,tags
 #1: stderr all=off uptime,level,tags

Environment Variables:
JAVA_HOME=C:\Program Files\Java\jdk1.8.0_221
PATH=C:\Program Files (x86)\Common Files\Oracle\Java\javapath;C:\Windows\system32;C:\Windows;C:\Windows\System32\Wbem;C:\Windows\System32\WindowsPowerShell\v1.0\;C:\Windows\System32\OpenSSH\;C:\Program Files\nodejs\;C:\Program Files\Git\cmd;C:\Program Files\dotnet\;C:\Users\Julia\apache-maven-3.6.2\bin;C:\Users\Julia\AppData\Local\Microsoft\WindowsApps;C:\Users\Julia\AppData\Roaming\npm
USERNAME=Julia
OS=Windows_NT
PROCESSOR_IDENTIFIER=Intel64 Family 6 Model 78 Stepping 3, GenuineIntel



---------------  S Y S T E M  ---------------

OS: Windows 10 , 64 bit Build 18362 (10.0.18362.329)

CPU:total 4 (initial active 4) (2 cores per cpu, 2 threads per core) family 6 model 78 stepping 3, cmov, cx8, fxsr, mmx, sse, sse2, sse3, ssse3, sse4.1, sse4.2, popcnt, avx, avx2, aes, clmul, erms, 3dnowpref, lzcnt, ht, tsc, tscinvbit, bmi1, bmi2, adx, fma

Memory: 4k page, system-wide physical 3970M (411M free)
TotalPageFile size 6018M (AvailPageFile size 5M)
current process WorkingSet (physical memory assigned to process): 147M, peak: 147M
current process commit charge ("private bytes"): 194M, peak: 194M

vm_info: OpenJDK 64-Bit Server VM (11.0.4+10-b304.69) for windows-amd64 JRE (11.0.4+10-b304.69), built on Sep  9 2019 11:39:50 by "" with MS VC++ 14.0 (VS2015)

END.
